#
# A fatal error has been detected by the Java Runtime Environment:
#
#  SIGSEGV (0xb) at pc=0x00007fad414e7840, pid=5450, tid=140382569056000
#
# JRE version: Java(TM) SE Runtime Environment (8.0_51-b16) (build 1.8.0_51-b16)
# Java VM: Java HotSpot(TM) 64-Bit Server VM (25.51-b03 mixed mode linux-amd64 compressed oops)
# Problematic frame:
# C  [libjniopencv_core.so+0x102840]  Java_org_bytedeco_javacpp_opencv_1core_00024CvMat_allocate__Lorg_bytedeco_javacpp_opencv_1core_00024Mat_2+0x110
#
# Failed to write core dump. Core dumps have been disabled. To enable core dumping, try "ulimit -c unlimited" before starting Java again
#
# If you would like to submit a bug report, please visit:
#   http://bugreport.java.com/bugreport/crash.jsp
# The crash happened outside the Java Virtual Machine in native code.
# See problematic frame for where to report the bug.
#

---------------  T H R E A D  ---------------

Current thread (0x00007fad5400a800):  JavaThread "main" [_thread_in_native, id=5455, stack(0x00007fad5d194000,0x00007fad5d295000)]

siginfo: si_signo: 11 (SIGSEGV), si_code: 1 (SEGV_MAPERR), si_addr: 0x0000000000000000

Registers:
RAX=0x0000000000000000, RBX=0x00007fad5400a9f8, RCX=0x0000000000000090, RDX=0x00007fad54319580
RSP=0x00007fad5d293790, RBP=0x00007fad540c7768, RSI=0x0000000000000090, RDI=0x00007fad5400a9f8
R8 =0x00007fad4145e5e0, R9 =0x5941524700000008, R10=0x0000000000000000, R11=0x0000000000000000
R12=0x00007fad5d293848, R13=0x00007fad5430f830, R14=0x0000000000000000, R15=0x00007fad5400a800
RIP=0x00007fad414e7840, EFLAGS=0x0000000000010297, CSGSFS=0x0000000000000033, ERR=0x0000000000000004
  TRAPNO=0x000000000000000e

Top of Stack: (sp=0x00007fad5d293790)
0x00007fad5d293790:   00007fad5400a800 00007fad5945aab8
0x00007fad5d2937a0:   00007fad5945aab8 00007fad5d293820
0x00007fad5d2937b0:   0000000000000000 00007fad5945aab0
0x00007fad5d2937c0:   00007fad5d293848 00007fad450134d4
0x00007fad5d2937d0:   00007fad5400a800 00007fad45013222
0x00007fad5d2937e0:   00007fad5d2937e0 00007fad5945aab0
0x00007fad5d2937f0:   00007fad5d293848 00007fad595dba80
0x00007fad5d293800:   0000000000000000 00007fad5945aab8
0x00007fad5d293810:   0000000000000000 00007fad5d293840
0x00007fad5d293820:   00007fad5d293890 00007fad4500798d
0x00007fad5d293830:   0000000000000000 00007fad4500f2b8
0x00007fad5d293840:   00000000ec1ea468 00000000ec1e5458
0x00007fad5d293850:   00007fad5d293850 00007fad5945a9de
0x00007fad5d293860:   00007fad5d2938a8 00007fad595dba80
0x00007fad5d293870:   0000000000000000 00007fad5945aa10
0x00007fad5d293880:   00007fad5d293840 00007fad5d2938a0
0x00007fad5d293890:   00007fad5d2938f8 00007fad4500798d
0x00007fad5d2938a0:   00000000ec1ea468 00000000ec1e5458
0x00007fad5d2938b0:   00000000ec1e5458 00007fad5d2938b8
0x00007fad5d2938c0:   00007fad5944d794 00007fad5d293948
0x00007fad5d2938d0:   00007fad594604c0 0000000000000000
0x00007fad5d2938e0:   00007fad5944d8c8 00007fad5d2938a0
0x00007fad5d2938f0:   00007fad5d293948 00007fad5d2939b0
0x00007fad5d293900:   00007fad450004e7 0000000000000000
0x00007fad5d293910:   0000000000000000 0000000000000000
0x00007fad5d293920:   0000000000000000 0000000000000000
0x00007fad5d293930:   0000000000000000 0000000000000000
0x00007fad5d293940:   00000000ec1d3f00 00000000eb82b0f8
0x00007fad5d293950:   0000000000001fa0 0000000000000000
0x00007fad5d293960:   00007fad5400a800 00007fad5d293a30
0x00007fad5d293970:   00007fad5d293bf0 00007fad5d2939f0
0x00007fad5d293980:   00007fad5d2939f0 00007fad5d293d38 

Instructions: (pc=0x00007fad414e7840)
0x00007fad414e7820:   4c 8d 05 b9 6d f7 ff 89 7a 24 48 c7 42 08 00 00
0x00007fad414e7830:   00 00 48 89 df c7 42 10 00 00 00 00 4c 89 4a 18
0x00007fad414e7840:   48 8b 00 89 42 04 89 f0 4c 89 e6 25 00 40 00 00
0x00007fad414e7850:   09 c8 48 89 d1 0d 00 00 42 42 89 02 e8 bf 82 f7 

Register to memory mapping:

RAX=0x0000000000000000 is an unknown value
RBX=0x00007fad5400a9f8 is an unknown value
RCX=0x0000000000000090 is an unknown value
RDX=0x00007fad54319580 is an unknown value
RSP=0x00007fad5d293790 is pointing into the stack for thread: 0x00007fad5400a800
RBP=0x00007fad540c7768 is a weak global jni handle
RSI=0x0000000000000090 is an unknown value
RDI=0x00007fad5400a9f8 is an unknown value
R8 =0x00007fad4145e5e0: <offset 0x795e0> in /tmp/javacpp3749883176080/libjniopencv_core.so at 0x00007fad413e5000
R9 =0x5941524700000008 is an unknown value
R10=0x0000000000000000 is an unknown value
R11=0x0000000000000000 is an unknown value
R12=0x00007fad5d293848 is pointing into the stack for thread: 0x00007fad5400a800
R13=0x00007fad5430f830 is an unknown value
R14=0x0000000000000000 is an unknown value
R15=0x00007fad5400a800 is a thread


Stack: [0x00007fad5d194000,0x00007fad5d295000],  sp=0x00007fad5d293790,  free space=1021k
Native frames: (J=compiled Java code, j=interpreted, Vv=VM code, C=native code)
C  [libjniopencv_core.so+0x102840]  Java_org_bytedeco_javacpp_opencv_1core_00024CvMat_allocate__Lorg_bytedeco_javacpp_opencv_1core_00024Mat_2+0x110

Java frames: (J=compiled Java code, j=interpreted, Vv=VM code)
j  org.bytedeco.javacpp.opencv_core$CvMat.allocate(Lorg/bytedeco/javacpp/opencv_core$Mat;)V+0
j  org.bytedeco.javacpp.opencv_core$CvMat.<init>(Lorg/bytedeco/javacpp/opencv_core$Mat;)V+6
j  org.pwr.molczak.kmeans.clustering.main.Runner.main([Ljava/lang/String;)V+20
v  ~StubRoutines::call_stub

---------------  P R O C E S S  ---------------

Java Threads: ( => current thread )
  0x00007fad540bc800 JavaThread "Service Thread" daemon [_thread_blocked, id=5464, stack(0x00007fad42a13000,0x00007fad42b14000)]
  0x00007fad540b8000 JavaThread "C1 CompilerThread1" daemon [_thread_in_vm, id=5463, stack(0x00007fad42b14000,0x00007fad42c15000)]
  0x00007fad540b5000 JavaThread "C2 CompilerThread0" daemon [_thread_blocked, id=5462, stack(0x00007fad42c15000,0x00007fad42d16000)]
  0x00007fad540b3800 JavaThread "Signal Dispatcher" daemon [_thread_blocked, id=5461, stack(0x00007fad5808f000,0x00007fad58190000)]
  0x00007fad5407b800 JavaThread "Finalizer" daemon [_thread_blocked, id=5460, stack(0x00007fad58190000,0x00007fad58291000)]
  0x00007fad54079800 JavaThread "Reference Handler" daemon [_thread_blocked, id=5459, stack(0x00007fad58291000,0x00007fad58392000)]
=>0x00007fad5400a800 JavaThread "main" [_thread_in_native, id=5455, stack(0x00007fad5d194000,0x00007fad5d295000)]

Other Threads:
  0x00007fad54074000 VMThread [stack: 0x00007fad58392000,0x00007fad58493000] [id=5458]
  0x00007fad540bf800 WatcherThread [stack: 0x00007fad42912000,0x00007fad42a13000] [id=5465]

VM state:not at safepoint (normal execution)

VM Mutex/Monitor currently owned by a thread: None

Heap:
 PSYoungGen      total 18432K, used 12449K [0x00000000eb600000, 0x00000000eca80000, 0x0000000100000000)
  eden space 15872K, 78% used [0x00000000eb600000,0x00000000ec2285c0,0x00000000ec580000)
  from space 2560K, 0% used [0x00000000ec800000,0x00000000ec800000,0x00000000eca80000)
  to   space 2560K, 0% used [0x00000000ec580000,0x00000000ec580000,0x00000000ec800000)
 ParOldGen       total 42496K, used 0K [0x00000000c2200000, 0x00000000c4b80000, 0x00000000eb600000)
  object space 42496K, 0% used [0x00000000c2200000,0x00000000c2200000,0x00000000c4b80000)
 Metaspace       used 5373K, capacity 6328K, committed 6528K, reserved 1056768K
  class space    used 583K, capacity 616K, committed 640K, reserved 1048576K

Card table byte_map: [0x00007fad59d88000,0x00007fad59f78000] byte_map_base: 0x00007fad59777000

Marking Bits: (ParMarkBitMap*) 0x00007fad5c676660
 Begin Bits: [0x00007fad43110000, 0x00007fad44088000)
 End Bits:   [0x00007fad44088000, 0x00007fad45000000)

Polling page: 0x00007fad5d2bd000

CodeCache: size=245760Kb used=2181Kb max_used=2192Kb free=243578Kb
 bounds [0x00007fad45000000, 0x00007fad45270000, 0x00007fad54000000]
 total_blobs=817 nmethods=443 adapters=290
 compilation: enabled

Compilation events (10 events):
Event: 0,978 Thread 0x00007fad540b8000  439  s    3       java.util.jar.JarFile::getInputStream (89 bytes)
Event: 0,979 Thread 0x00007fad540b8000 nmethod 439 0x00007fad45220790 code [0x00007fad452209a0, 0x00007fad452214f8]
Event: 0,980 Thread 0x00007fad540b8000  440       3       java.util.LinkedHashMap::newNode (23 bytes)
Event: 0,981 Thread 0x00007fad540b8000 nmethod 440 0x00007fad4521ff90 code [0x00007fad45220120, 0x00007fad45220550]
Event: 0,981 Thread 0x00007fad540b8000  442       3       java.util.ArrayList::clear (39 bytes)
Event: 0,981 Thread 0x00007fad540b8000 nmethod 442 0x00007fad4521f950 code [0x00007fad4521fae0, 0x00007fad4521fe50]
Event: 0,981 Thread 0x00007fad540b8000  441       3       java.util.LinkedHashMap$Entry::<init> (10 bytes)
Event: 0,982 Thread 0x00007fad540b8000 nmethod 441 0x00007fad45222290 code [0x00007fad45222400, 0x00007fad45222650]
Event: 0,982 Thread 0x00007fad540b5000  444   !   4       sun.reflect.generics.parser.SignatureParser::current (40 bytes)
Event: 0,983 Thread 0x00007fad540b5000 nmethod 444 0x00007fad452253d0 code [0x00007fad45225520, 0x00007fad452255b8]

GC Heap History (0 events):
No events

Deoptimization events (1 events):
Event: 0,805 Thread 0x00007fad5400a800 Uncommon trap: reason=unstable_if action=reinterpret pc=0x00007fad451c55ac method=java.lang.String.replace(CC)Ljava/lang/String; @ 26

Internal exceptions (10 events):
Event: 0,395 Thread 0x00007fad5400a800 Exception <a 'java/security/PrivilegedActionException'> (0x00000000eba49498) thrown at [/HUDSON/workspace/8-2-build-linux-amd64/jdk8u51/3951/hotspot/src/share/vm/prims/jvm.cpp, line 1382]
Event: 0,395 Thread 0x00007fad5400a800 Exception <a 'java/security/PrivilegedActionException'> (0x00000000eba49650) thrown at [/HUDSON/workspace/8-2-build-linux-amd64/jdk8u51/3951/hotspot/src/share/vm/prims/jvm.cpp, line 1382]
Event: 0,395 Thread 0x00007fad5400a800 Exception <a 'java/security/PrivilegedActionException'> (0x00000000eba4a4f0) thrown at [/HUDSON/workspace/8-2-build-linux-amd64/jdk8u51/3951/hotspot/src/share/vm/prims/jvm.cpp, line 1382]
Event: 0,395 Thread 0x00007fad5400a800 Exception <a 'java/security/PrivilegedActionException'> (0x00000000eba4a6a8) thrown at [/HUDSON/workspace/8-2-build-linux-amd64/jdk8u51/3951/hotspot/src/share/vm/prims/jvm.cpp, line 1382]
Event: 0,396 Thread 0x00007fad5400a800 Exception <a 'java/security/PrivilegedActionException'> (0x00000000eba4b578) thrown at [/HUDSON/workspace/8-2-build-linux-amd64/jdk8u51/3951/hotspot/src/share/vm/prims/jvm.cpp, line 1382]
Event: 0,396 Thread 0x00007fad5400a800 Exception <a 'java/security/PrivilegedActionException'> (0x00000000eba4b730) thrown at [/HUDSON/workspace/8-2-build-linux-amd64/jdk8u51/3951/hotspot/src/share/vm/prims/jvm.cpp, line 1382]
Event: 0,396 Thread 0x00007fad5400a800 Exception <a 'java/security/PrivilegedActionException'> (0x00000000eba4c550) thrown at [/HUDSON/workspace/8-2-build-linux-amd64/jdk8u51/3951/hotspot/src/share/vm/prims/jvm.cpp, line 1382]
Event: 0,396 Thread 0x00007fad5400a800 Exception <a 'java/security/PrivilegedActionException'> (0x00000000eba4c708) thrown at [/HUDSON/workspace/8-2-build-linux-amd64/jdk8u51/3951/hotspot/src/share/vm/prims/jvm.cpp, line 1382]
Event: 0,396 Thread 0x00007fad5400a800 Exception <a 'java/security/PrivilegedActionException'> (0x00000000eba4d4c8) thrown at [/HUDSON/workspace/8-2-build-linux-amd64/jdk8u51/3951/hotspot/src/share/vm/prims/jvm.cpp, line 1382]
Event: 0,396 Thread 0x00007fad5400a800 Exception <a 'java/security/PrivilegedActionException'> (0x00000000eba4d680) thrown at [/HUDSON/workspace/8-2-build-linux-amd64/jdk8u51/3951/hotspot/src/share/vm/prims/jvm.cpp, line 1382]

Events (10 events):
Event: 0,920 loading class org/bytedeco/javacpp/opencv_imgproc$CvFeatureTree
Event: 0,920 loading class org/bytedeco/javacpp/opencv_imgproc$CvFeatureTree done
Event: 0,921 loading class org/bytedeco/javacpp/opencv_imgproc$CvContourScanner
Event: 0,921 loading class org/bytedeco/javacpp/opencv_imgproc$CvContourScanner done
Event: 0,976 loading class org/bytedeco/javacpp/helper/opencv_core$AbstractCvMat$2
Event: 0,976 loading class org/bytedeco/javacpp/helper/opencv_core$AbstractCvMat$2 done
Event: 0,977 Executing VM operation: Deoptimize
Event: 0,977 Executing VM operation: Deoptimize done
Event: 0,977 loading class org/bytedeco/javacpp/helper/opencv_core$AbstractCvMat$1
Event: 0,977 loading class org/bytedeco/javacpp/helper/opencv_core$AbstractCvMat$1 done


Dynamic libraries:
00400000-00401000 r-xp 00000000 08:01 1589366                            /home/booob/SDK/jdk1.8.0_51/bin/java
00600000-00601000 rw-p 00000000 08:01 1589366                            /home/booob/SDK/jdk1.8.0_51/bin/java
01414000-01435000 rw-p 00000000 00:00 0                                  [heap]
c2200000-c4b80000 rw-p 00000000 00:00 0 
c4b80000-eb600000 ---p 00000000 00:00 0 
eb600000-eca80000 rw-p 00000000 00:00 0 
eca80000-100000000 ---p 00000000 00:00 0 
100000000-1000a0000 rw-p 00000000 00:00 0 
1000a0000-140000000 ---p 00000000 00:00 0 
7fad14000000-7fad14021000 rw-p 00000000 00:00 0 
7fad14021000-7fad18000000 ---p 00000000 00:00 0 
7fad1c000000-7fad1c20b000 rw-p 00000000 00:00 0 
7fad1c20b000-7fad20000000 ---p 00000000 00:00 0 
7fad20000000-7fad20021000 rw-p 00000000 00:00 0 
7fad20021000-7fad24000000 ---p 00000000 00:00 0 
7fad24000000-7fad24021000 rw-p 00000000 00:00 0 
7fad24021000-7fad28000000 ---p 00000000 00:00 0 
7fad28000000-7fad281b5000 rw-p 00000000 00:00 0 
7fad281b5000-7fad2c000000 ---p 00000000 00:00 0 
7fad2c000000-7fad2c021000 rw-p 00000000 00:00 0 
7fad2c021000-7fad30000000 ---p 00000000 00:00 0 
7fad30000000-7fad30021000 rw-p 00000000 00:00 0 
7fad30021000-7fad34000000 ---p 00000000 00:00 0 
7fad34000000-7fad34021000 rw-p 00000000 00:00 0 
7fad34021000-7fad38000000 ---p 00000000 00:00 0 
7fad38000000-7fad38021000 rw-p 00000000 00:00 0 
7fad38021000-7fad3c000000 ---p 00000000 00:00 0 
7fad3c000000-7fad3c021000 rw-p 00000000 00:00 0 
7fad3c021000-7fad40000000 ---p 00000000 00:00 0 
7fad40a61000-7fad40a7b000 r-xp 00000000 08:01 262261                     /tmp/javacpp3749883176080/libjniopencv_imgcodecs.so
7fad40a7b000-7fad40c7a000 ---p 0001a000 08:01 262261                     /tmp/javacpp3749883176080/libjniopencv_imgcodecs.so
7fad40c7a000-7fad40c7b000 rw-p 00019000 08:01 262261                     /tmp/javacpp3749883176080/libjniopencv_imgcodecs.so
7fad40c7b000-7fad40f14000 r-xp 00000000 08:01 262260                     /tmp/javacpp3749883176080/libopencv_imgcodecs.so.3.0
7fad40f14000-7fad41114000 ---p 00299000 08:01 262260                     /tmp/javacpp3749883176080/libopencv_imgcodecs.so.3.0
7fad41114000-7fad41121000 rw-p 00299000 08:01 262260                     /tmp/javacpp3749883176080/libopencv_imgcodecs.so.3.0
7fad41121000-7fad4112c000 rw-p 00000000 00:00 0 
7fad4112c000-7fad411e4000 r-xp 00000000 08:01 262259                     /tmp/javacpp3749883176080/libjniopencv_imgproc.so
7fad411e4000-7fad413e3000 ---p 000b8000 08:01 262259                     /tmp/javacpp3749883176080/libjniopencv_imgproc.so
7fad413e3000-7fad413e5000 rw-p 000b7000 08:01 262259                     /tmp/javacpp3749883176080/libjniopencv_imgproc.so
7fad413e5000-7fad415d5000 r-xp 00000000 08:01 262258                     /tmp/javacpp3749883176080/libjniopencv_core.so
7fad415d5000-7fad417d5000 ---p 001f0000 08:01 262258                     /tmp/javacpp3749883176080/libjniopencv_core.so
7fad417d5000-7fad417d8000 rw-p 001f0000 08:01 262258                     /tmp/javacpp3749883176080/libjniopencv_core.so
7fad417d8000-7fad41aa2000 r-xp 00000000 08:01 262257                     /tmp/javacpp3749883176080/libopencv_imgproc.so.3.0
7fad41aa2000-7fad41ca2000 ---p 002ca000 08:01 262257                     /tmp/javacpp3749883176080/libopencv_imgproc.so.3.0
7fad41ca2000-7fad41cb4000 rw-p 002ca000 08:01 262257                     /tmp/javacpp3749883176080/libopencv_imgproc.so.3.0
7fad41cb4000-7fad41d49000 rw-p 00000000 00:00 0 
7fad41d49000-7fad41d5f000 r-xp 00000000 08:01 838043                     /lib/x86_64-linux-gnu/libgcc_s.so.1
7fad41d5f000-7fad41f5e000 ---p 00016000 08:01 838043                     /lib/x86_64-linux-gnu/libgcc_s.so.1
7fad41f5e000-7fad41f5f000 rw-p 00015000 08:01 838043                     /lib/x86_64-linux-gnu/libgcc_s.so.1
7fad41f5f000-7fad41f6c000 r-xp 00000000 08:01 398754                     /usr/lib/x86_64-linux-gnu/libgomp.so.1.0.0
7fad41f6c000-7fad4216c000 ---p 0000d000 08:01 398754                     /usr/lib/x86_64-linux-gnu/libgomp.so.1.0.0
7fad4216c000-7fad4216d000 r--p 0000d000 08:01 398754                     /usr/lib/x86_64-linux-gnu/libgomp.so.1.0.0
7fad4216d000-7fad4216e000 rw-p 0000e000 08:01 398754                     /usr/lib/x86_64-linux-gnu/libgomp.so.1.0.0
7fad4216e000-7fad42254000 r-xp 00000000 08:01 393642                     /usr/lib/x86_64-linux-gnu/libstdc++.so.6.0.19
7fad42254000-7fad42453000 ---p 000e6000 08:01 393642                     /usr/lib/x86_64-linux-gnu/libstdc++.so.6.0.19
7fad42453000-7fad4245b000 r--p 000e5000 08:01 393642                     /usr/lib/x86_64-linux-gnu/libstdc++.so.6.0.19
7fad4245b000-7fad4245d000 rw-p 000ed000 08:01 393642                     /usr/lib/x86_64-linux-gnu/libstdc++.so.6.0.19
7fad4245d000-7fad42472000 rw-p 00000000 00:00 0 
7fad42472000-7fad42709000 r-xp 00000000 08:01 262256                     /tmp/javacpp3749883176080/libopencv_core.so.3.0
7fad42709000-7fad42908000 ---p 00297000 08:01 262256                     /tmp/javacpp3749883176080/libopencv_core.so.3.0
7fad42908000-7fad4290f000 rw-p 00296000 08:01 262256                     /tmp/javacpp3749883176080/libopencv_core.so.3.0
7fad4290f000-7fad42912000 rw-p 00000000 00:00 0 
7fad42912000-7fad42913000 ---p 00000000 00:00 0 
7fad42913000-7fad42a13000 rw-p 00000000 00:00 0                          [stack:5465]
7fad42a13000-7fad42a16000 ---p 00000000 00:00 0 
7fad42a16000-7fad42b14000 rw-p 00000000 00:00 0                          [stack:5464]
7fad42b14000-7fad42b17000 ---p 00000000 00:00 0 
7fad42b17000-7fad42c15000 rw-p 00000000 00:00 0                          [stack:5463]
7fad42c15000-7fad42c18000 ---p 00000000 00:00 0 
7fad42c18000-7fad42d16000 rw-p 00000000 00:00 0                          [stack:5462]
7fad42d16000-7fad43110000 r--p 00000000 08:01 400734                     /usr/lib/locale/locale-archive
7fad43110000-7fad45000000 rw-p 00000000 00:00 0 
7fad45000000-7fad45270000 rwxp 00000000 00:00 0 
7fad45270000-7fad54000000 ---p 00000000 00:00 0 
7fad54000000-7fad54553000 rw-p 00000000 00:00 0 
7fad54553000-7fad58000000 ---p 00000000 00:00 0 
7fad5805e000-7fad5805f000 r--s 00009000 08:01 3023287                    /home/booob/.m2/repository/org/bytedeco/javacpp-presets/flandmark/1.07-1.1/flandmark-1.07-1.1-linux-x86_64.jar
7fad5805f000-7fad58060000 r--s 00002000 08:01 3023285                    /home/booob/.m2/repository/org/bytedeco/javacpp-presets/flandmark/1.07-1.1/flandmark-1.07-1.1.jar
7fad58060000-7fad58062000 r--s 0002a000 08:01 3023283                    /home/booob/.m2/repository/org/bytedeco/javacpp-presets/artoolkitplus/2.3.1-1.1/artoolkitplus-2.3.1-1.1-linux-x86_64.jar
7fad58062000-7fad58063000 r--s 00005000 08:01 3023259                    /home/booob/.m2/repository/org/bytedeco/javacpp-presets/artoolkitplus/2.3.1-1.1/artoolkitplus-2.3.1-1.1.jar
7fad58063000-7fad58064000 r--s 00000000 08:01 3023257                    /home/booob/.m2/repository/org/bytedeco/javacpp-presets/videoinput/0.200-1.1/videoinput-0.200-1.1-linux-x86_64.jar
7fad58064000-7fad58065000 r--s 00003000 08:01 3023255                    /home/booob/.m2/repository/org/bytedeco/javacpp-presets/videoinput/0.200-1.1/videoinput-0.200-1.1.jar
7fad58065000-7fad58066000 r--s 00014000 08:01 3023253                    /home/booob/.m2/repository/org/bytedeco/javacpp-presets/libfreenect/0.5.3-1.1/libfreenect-0.5.3-1.1-linux-x86_64.jar
7fad58066000-7fad58068000 r--s 00004000 08:01 3023251                    /home/booob/.m2/repository/org/bytedeco/javacpp-presets/libfreenect/0.5.3-1.1/libfreenect-0.5.3-1.1.jar
7fad58068000-7fad58069000 r--s 00027000 08:01 3023249                    /home/booob/.m2/repository/org/bytedeco/javacpp-presets/libdc1394/2.2.3-1.1/libdc1394-2.2.3-1.1-linux-x86_64.jar
7fad58069000-7fad5806b000 r--s 00006000 08:01 3023247                    /home/booob/.m2/repository/org/bytedeco/javacpp-presets/libdc1394/2.2.3-1.1/libdc1394-2.2.3-1.1.jar
7fad5806b000-7fad5806d000 r--s 0003a000 08:01 3023245                    /home/booob/.m2/repository/org/bytedeco/javacpp-presets/flycapture/2.8.3.1-1.1/flycapture-2.8.3.1-1.1-linux-x86_64.jar
7fad5806d000-7fad58071000 r--s 0001f000 08:01 3023243                    /home/booob/.m2/repository/org/bytedeco/javacpp-presets/flycapture/2.8.3.1-1.1/flycapture-2.8.3.1-1.1.jar
7fad58071000-7fad58078000 r--s 00033000 08:01 3023239                    /home/booob/.m2/repository/org/bytedeco/javacpp-presets/ffmpeg/2.8.1-1.1/ffmpeg-2.8.1-1.1.jar
7fad58078000-7fad58087000 r--s 00088000 08:01 3023235                    /home/booob/.m2/repository/org/bytedeco/javacpp-presets/opencv/3.0.0-1.1/opencv-3.0.0-1.1.jar
7fad58087000-7fad5808b000 r--s 0003a000 08:01 3023233                    /home/booob/.m2/repository/org/bytedeco/javacpp/1.1/javacpp-1.1.jar
7fad5808b000-7fad5808f000 r--s 00056000 08:01 3023231                    /home/booob/.m2/repository/org/bytedeco/javacv/1.1/javacv-1.1.jar
7fad5808f000-7fad58092000 ---p 00000000 00:00 0 
7fad58092000-7fad58190000 rw-p 00000000 00:00 0                          [stack:5461]
7fad58190000-7fad58193000 ---p 00000000 00:00 0 
7fad58193000-7fad58291000 rw-p 00000000 00:00 0                          [stack:5460]
7fad58291000-7fad58294000 ---p 00000000 00:00 0 
7fad58294000-7fad58392000 rw-p 00000000 00:00 0                          [stack:5459]
7fad58392000-7fad58393000 ---p 00000000 00:00 0 
7fad58393000-7fad58dff000 rw-p 00000000 00:00 0                          [stack:5458]
7fad58dff000-7fad58fd7000 r--s 03d0c000 08:01 1845861                    /home/booob/SDK/jdk1.8.0_51/jre/lib/rt.jar
7fad58fd7000-7fad5960d000 rw-p 00000000 00:00 0 
7fad5960d000-7fad5984d000 ---p 00000000 00:00 0 
7fad5984d000-7fad59a3c000 rw-p 00000000 00:00 0 
7fad59a3c000-7fad59a3d000 ---p 00000000 00:00 0 
7fad59a3d000-7fad59b3d000 rw-p 00000000 00:00 0                          [stack:5457]
7fad59b3d000-7fad59b3e000 ---p 00000000 00:00 0 
7fad59b3e000-7fad59c53000 rw-p 00000000 00:00 0                          [stack:5456]
7fad59c53000-7fad59d88000 ---p 00000000 00:00 0 
7fad59d88000-7fad59d9d000 rw-p 00000000 00:00 0 
7fad59d9d000-7fad59ed2000 ---p 00000000 00:00 0 
7fad59ed2000-7fad59edd000 rw-p 00000000 00:00 0 
7fad59edd000-7fad59f77000 ---p 00000000 00:00 0 
7fad59f77000-7fad59f82000 rw-p 00000000 00:00 0 
7fad59f82000-7fad5a338000 ---p 00000000 00:00 0 
7fad5a338000-7fad5a352000 r-xp 00000000 08:01 1845811                    /home/booob/SDK/jdk1.8.0_51/jre/lib/amd64/libzip.so
7fad5a352000-7fad5a552000 ---p 0001a000 08:01 1845811                    /home/booob/SDK/jdk1.8.0_51/jre/lib/amd64/libzip.so
7fad5a552000-7fad5a553000 rw-p 0001a000 08:01 1845811                    /home/booob/SDK/jdk1.8.0_51/jre/lib/amd64/libzip.so
7fad5a553000-7fad5a55e000 r-xp 00000000 08:01 812811                     /lib/x86_64-linux-gnu/libnss_files-2.19.so
7fad5a55e000-7fad5a75d000 ---p 0000b000 08:01 812811                     /lib/x86_64-linux-gnu/libnss_files-2.19.so
7fad5a75d000-7fad5a75e000 r--p 0000a000 08:01 812811                     /lib/x86_64-linux-gnu/libnss_files-2.19.so
7fad5a75e000-7fad5a75f000 rw-p 0000b000 08:01 812811                     /lib/x86_64-linux-gnu/libnss_files-2.19.so
7fad5a75f000-7fad5a76a000 r-xp 00000000 08:01 799797                     /lib/x86_64-linux-gnu/libnss_nis-2.19.so
7fad5a76a000-7fad5a969000 ---p 0000b000 08:01 799797                     /lib/x86_64-linux-gnu/libnss_nis-2.19.so
7fad5a969000-7fad5a96a000 r--p 0000a000 08:01 799797                     /lib/x86_64-linux-gnu/libnss_nis-2.19.so
7fad5a96a000-7fad5a96b000 rw-p 0000b000 08:01 799797                     /lib/x86_64-linux-gnu/libnss_nis-2.19.so
7fad5a96b000-7fad5a982000 r-xp 00000000 08:01 797700                     /lib/x86_64-linux-gnu/libnsl-2.19.so
7fad5a982000-7fad5ab81000 ---p 00017000 08:01 797700                     /lib/x86_64-linux-gnu/libnsl-2.19.so
7fad5ab81000-7fad5ab82000 r--p 00016000 08:01 797700                     /lib/x86_64-linux-gnu/libnsl-2.19.so
7fad5ab82000-7fad5ab83000 rw-p 00017000 08:01 797700                     /lib/x86_64-linux-gnu/libnsl-2.19.so
7fad5ab83000-7fad5ab85000 rw-p 00000000 00:00 0 
7fad5ab85000-7fad5ab8e000 r-xp 00000000 08:01 797697                     /lib/x86_64-linux-gnu/libnss_compat-2.19.so
7fad5ab8e000-7fad5ad8d000 ---p 00009000 08:01 797697                     /lib/x86_64-linux-gnu/libnss_compat-2.19.so
7fad5ad8d000-7fad5ad8e000 r--p 00008000 08:01 797697                     /lib/x86_64-linux-gnu/libnss_compat-2.19.so
7fad5ad8e000-7fad5ad8f000 rw-p 00009000 08:01 797697                     /lib/x86_64-linux-gnu/libnss_compat-2.19.so
7fad5ad8f000-7fad5adb9000 r-xp 00000000 08:01 1845789                    /home/booob/SDK/jdk1.8.0_51/jre/lib/amd64/libjava.so
7fad5adb9000-7fad5afb9000 ---p 0002a000 08:01 1845789                    /home/booob/SDK/jdk1.8.0_51/jre/lib/amd64/libjava.so
7fad5afb9000-7fad5afbb000 rw-p 0002a000 08:01 1845789                    /home/booob/SDK/jdk1.8.0_51/jre/lib/amd64/libjava.so
7fad5afbb000-7fad5afc8000 r-xp 00000000 08:01 1845805                    /home/booob/SDK/jdk1.8.0_51/jre/lib/amd64/libverify.so
7fad5afc8000-7fad5b1c8000 ---p 0000d000 08:01 1845805                    /home/booob/SDK/jdk1.8.0_51/jre/lib/amd64/libverify.so
7fad5b1c8000-7fad5b1ca000 rw-p 0000d000 08:01 1845805                    /home/booob/SDK/jdk1.8.0_51/jre/lib/amd64/libverify.so
7fad5b1ca000-7fad5b1d1000 r-xp 00000000 08:01 807336                     /lib/x86_64-linux-gnu/librt-2.19.so
7fad5b1d1000-7fad5b3d0000 ---p 00007000 08:01 807336                     /lib/x86_64-linux-gnu/librt-2.19.so
7fad5b3d0000-7fad5b3d1000 r--p 00006000 08:01 807336                     /lib/x86_64-linux-gnu/librt-2.19.so
7fad5b3d1000-7fad5b3d2000 rw-p 00007000 08:01 807336                     /lib/x86_64-linux-gnu/librt-2.19.so
7fad5b3d2000-7fad5b4d7000 r-xp 00000000 08:01 793878                     /lib/x86_64-linux-gnu/libm-2.19.so
7fad5b4d7000-7fad5b6d6000 ---p 00105000 08:01 793878                     /lib/x86_64-linux-gnu/libm-2.19.so
7fad5b6d6000-7fad5b6d7000 r--p 00104000 08:01 793878                     /lib/x86_64-linux-gnu/libm-2.19.so
7fad5b6d7000-7fad5b6d8000 rw-p 00105000 08:01 793878                     /lib/x86_64-linux-gnu/libm-2.19.so
7fad5b6d8000-7fad5c386000 r-xp 00000000 08:01 1845827                    /home/booob/SDK/jdk1.8.0_51/jre/lib/amd64/server/libjvm.so
7fad5c386000-7fad5c586000 ---p 00cae000 08:01 1845827                    /home/booob/SDK/jdk1.8.0_51/jre/lib/amd64/server/libjvm.so
7fad5c586000-7fad5c65d000 rw-p 00cae000 08:01 1845827                    /home/booob/SDK/jdk1.8.0_51/jre/lib/amd64/server/libjvm.so
7fad5c65d000-7fad5c6a1000 rw-p 00000000 00:00 0 
7fad5c6a1000-7fad5c85c000 r-xp 00000000 08:01 812804                     /lib/x86_64-linux-gnu/libc-2.19.so
7fad5c85c000-7fad5ca5b000 ---p 001bb000 08:01 812804                     /lib/x86_64-linux-gnu/libc-2.19.so
7fad5ca5b000-7fad5ca5f000 r--p 001ba000 08:01 812804                     /lib/x86_64-linux-gnu/libc-2.19.so
7fad5ca5f000-7fad5ca61000 rw-p 001be000 08:01 812804                     /lib/x86_64-linux-gnu/libc-2.19.so
7fad5ca61000-7fad5ca66000 rw-p 00000000 00:00 0 
7fad5ca66000-7fad5ca69000 r-xp 00000000 08:01 794186                     /lib/x86_64-linux-gnu/libdl-2.19.so
7fad5ca69000-7fad5cc68000 ---p 00003000 08:01 794186                     /lib/x86_64-linux-gnu/libdl-2.19.so
7fad5cc68000-7fad5cc69000 r--p 00002000 08:01 794186                     /lib/x86_64-linux-gnu/libdl-2.19.so
7fad5cc69000-7fad5cc6a000 rw-p 00003000 08:01 794186                     /lib/x86_64-linux-gnu/libdl-2.19.so
7fad5cc6a000-7fad5cc7f000 r-xp 00000000 08:01 1189425                    /home/booob/SDK/jdk1.8.0_51/lib/amd64/jli/libjli.so
7fad5cc7f000-7fad5ce7f000 ---p 00015000 08:01 1189425                    /home/booob/SDK/jdk1.8.0_51/lib/amd64/jli/libjli.so
7fad5ce7f000-7fad5ce80000 rw-p 00015000 08:01 1189425                    /home/booob/SDK/jdk1.8.0_51/lib/amd64/jli/libjli.so
7fad5ce80000-7fad5ce99000 r-xp 00000000 08:01 799794                     /lib/x86_64-linux-gnu/libpthread-2.19.so
7fad5ce99000-7fad5d098000 ---p 00019000 08:01 799794                     /lib/x86_64-linux-gnu/libpthread-2.19.so
7fad5d098000-7fad5d099000 r--p 00018000 08:01 799794                     /lib/x86_64-linux-gnu/libpthread-2.19.so
7fad5d099000-7fad5d09a000 rw-p 00019000 08:01 799794                     /lib/x86_64-linux-gnu/libpthread-2.19.so
7fad5d09a000-7fad5d09e000 rw-p 00000000 00:00 0 
7fad5d09e000-7fad5d0c1000 r-xp 00000000 08:01 799795                     /lib/x86_64-linux-gnu/ld-2.19.so
7fad5d0c1000-7fad5d0c2000 r--s 00a24000 08:01 3023241                    /home/booob/.m2/repository/org/bytedeco/javacpp-presets/ffmpeg/2.8.1-1.1/ffmpeg-2.8.1-1.1-linux-x86_64.jar
7fad5d0c2000-7fad5d194000 rw-p 00000000 00:00 0 
7fad5d194000-7fad5d197000 ---p 00000000 00:00 0 
7fad5d197000-7fad5d299000 rw-p 00000000 00:00 0                          [stack:5455]
7fad5d299000-7fad5d29b000 r--s 0076b000 08:01 3023237                    /home/booob/.m2/repository/org/bytedeco/javacpp-presets/opencv/3.0.0-1.1/opencv-3.0.0-1.1-linux-x86_64.jar
7fad5d29b000-7fad5d2a0000 r--s 00053000 08:01 920128                     /home/booob/Pobrane/javacv-1.0.jar
7fad5d2a0000-7fad5d2b4000 rw-p 00000000 00:00 0 
7fad5d2b4000-7fad5d2bc000 rw-s 00000000 08:01 262222                     /tmp/hsperfdata_booob/5450
7fad5d2bc000-7fad5d2bd000 rw-p 00000000 00:00 0 
7fad5d2bd000-7fad5d2be000 r--p 00000000 00:00 0 
7fad5d2be000-7fad5d2c0000 rw-p 00000000 00:00 0 
7fad5d2c0000-7fad5d2c1000 r--p 00022000 08:01 799795                     /lib/x86_64-linux-gnu/ld-2.19.so
7fad5d2c1000-7fad5d2c2000 rw-p 00023000 08:01 799795                     /lib/x86_64-linux-gnu/ld-2.19.so
7fad5d2c2000-7fad5d2c3000 rw-p 00000000 00:00 0 
7ffc4dfed000-7ffc4e00f000 rw-p 00000000 00:00 0                          [stack]
7ffc4e071000-7ffc4e073000 r-xp 00000000 00:00 0                          [vdso]
7ffc4e073000-7ffc4e075000 r--p 00000000 00:00 0                          [vvar]
ffffffffff600000-ffffffffff601000 r-xp 00000000 00:00 0                  [vsyscall]

VM Arguments:
jvm_args: -Dfile.encoding=UTF-8 
java_command: org.pwr.molczak.kmeans.clustering.main.Runner
java_class_path (initial): /home/booob/workspace/KMeans/target/classes:/home/booob/Pobrane/javacv-1.0.jar:/home/booob/.m2/repository/org/bytedeco/javacv/1.1/javacv-1.1.jar:/home/booob/.m2/repository/org/bytedeco/javacpp/1.1/javacpp-1.1.jar:/home/booob/.m2/repository/org/bytedeco/javacpp-presets/opencv/3.0.0-1.1/opencv-3.0.0-1.1.jar:/home/booob/.m2/repository/org/bytedeco/javacpp-presets/opencv/3.0.0-1.1/opencv-3.0.0-1.1-linux-x86_64.jar:/home/booob/.m2/repository/org/bytedeco/javacpp-presets/ffmpeg/2.8.1-1.1/ffmpeg-2.8.1-1.1.jar:/home/booob/.m2/repository/org/bytedeco/javacpp-presets/ffmpeg/2.8.1-1.1/ffmpeg-2.8.1-1.1-linux-x86_64.jar:/home/booob/.m2/repository/org/bytedeco/javacpp-presets/flycapture/2.8.3.1-1.1/flycapture-2.8.3.1-1.1.jar:/home/booob/.m2/repository/org/bytedeco/javacpp-presets/flycapture/2.8.3.1-1.1/flycapture-2.8.3.1-1.1-linux-x86_64.jar:/home/booob/.m2/repository/org/bytedeco/javacpp-presets/libdc1394/2.2.3-1.1/libdc1394-2.2.3-1.1.jar:/home/booob/.m2/repository/org/bytedeco/javacpp-presets/libdc1394/2.2.3-1.1/libdc1394-2.2.3-1.1-linux-x86_64.jar:/home/booob/.m2/repository/org/bytedeco/javacpp-presets/libfreenect/0.5.3-1.1/libfreenect-0.5.3-1.1.jar:/home/booob/.m2/repository/org/bytedeco/javacpp-presets/libfreenect/0.5.3-1.1/libfreenect-0.5.3-1.1-linux-x86_64.jar:/home/booob/.m2/repository/org/bytedeco/javacpp-presets/videoinput/0.200-1.1/videoinput-0.200-1.1.jar:/home/booob/.m2/repository/org/bytedeco/javacpp-presets/videoinput/0.200-1.1/videoinput-0.200-1.1-linux-x86_64.jar:/home/booob/.m2/repository/org/bytedeco/javacpp-presets/artoolkitplus/2.3.1-1.1/artoolkitplus-2.3.1-1.1.jar:/home/booob/.m2/repository/org/bytedeco/javacpp-presets/artoolkitplus/2.3.1-1.1/artoolkitplus-2.3.1-1.1-linux-x86_64.jar:/home/booob/.m2/repository/org/bytedeco/javacpp-presets/flandmark/1.07-1.1/flandmark-1.07-1.1.jar:/home/booob/.m2/repository/org/bytedeco/javacpp-presets/flandmark/1.07-1.1/flandmark-1.07-1.1-linux-x86_64.jar
Launcher Type: SUN_STANDARD

Environment Variables:
JAVA_HOME=/home/booob/SDK/jdk1.8.0_73/
PATH=/u01/app/oracle/product/11.2.0/xe/bin:/usr/local/sbin:/usr/local/bin:/usr/sbin:/usr/bin:/sbin:/bin:/usr/games:/usr/local/games
USERNAME=booob
SHELL=/bin/bash
DISPLAY=:0

Signal Handlers:
SIGSEGV: [libjvm.so+0xaad540], sa_mask[0]=11111111011111111101111111111110, sa_flags=SA_RESTART|SA_SIGINFO
SIGBUS: [libjvm.so+0xaad540], sa_mask[0]=11111111011111111101111111111110, sa_flags=SA_RESTART|SA_SIGINFO
SIGFPE: [libjvm.so+0x90b6b0], sa_mask[0]=11111111011111111101111111111110, sa_flags=SA_RESTART|SA_SIGINFO
SIGPIPE: [libjvm.so+0x90b6b0], sa_mask[0]=11111111011111111101111111111110, sa_flags=SA_RESTART|SA_SIGINFO
SIGXFSZ: [libjvm.so+0x90b6b0], sa_mask[0]=11111111011111111101111111111110, sa_flags=SA_RESTART|SA_SIGINFO
SIGILL: [libjvm.so+0x90b6b0], sa_mask[0]=11111111011111111101111111111110, sa_flags=SA_RESTART|SA_SIGINFO
SIGUSR1: SIG_DFL, sa_mask[0]=00000000000000000000000000000000, sa_flags=none
SIGUSR2: [libjvm.so+0x90ccf0], sa_mask[0]=00100000000000000000000000000000, sa_flags=SA_RESTART|SA_SIGINFO
SIGHUP: [libjvm.so+0x90e040], sa_mask[0]=11111111011111111101111111111110, sa_flags=SA_RESTART|SA_SIGINFO
SIGINT: [libjvm.so+0x90e040], sa_mask[0]=11111111011111111101111111111110, sa_flags=SA_RESTART|SA_SIGINFO
SIGTERM: [libjvm.so+0x90e040], sa_mask[0]=11111111011111111101111111111110, sa_flags=SA_RESTART|SA_SIGINFO
SIGQUIT: [libjvm.so+0x90e040], sa_mask[0]=11111111011111111101111111111110, sa_flags=SA_RESTART|SA_SIGINFO


---------------  S Y S T E M  ---------------

OS:DISTRIB_ID=LinuxMint
DISTRIB_RELEASE=17.3
DISTRIB_CODENAME=rosa
DISTRIB_DESCRIPTION="Linux Mint 17.3 Rosa"

uname:Linux 3.16.0-38-generic #52~14.04.1-Ubuntu SMP Fri May 8 09:43:57 UTC 2015 x86_64
libc:glibc 2.19 NPTL 2.19 
rlimit: STACK 8192k, CORE 0k, NPROC 15688, NOFILE 4096, AS infinity
load average:0,51 0,61 0,80

/proc/meminfo:
MemTotal:        4047472 kB
MemFree:          199584 kB
MemAvailable:     288548 kB
Buffers:            7160 kB
Cached:           389668 kB
SwapCached:        19804 kB
Active:          2791132 kB
Inactive:         802992 kB
Active(anon):    2644152 kB
Inactive(anon):   716916 kB
Active(file):     146980 kB
Inactive(file):    86076 kB
Unevictable:         104 kB
Mlocked:             104 kB
SwapTotal:       5220348 kB
SwapFree:        4933388 kB
Dirty:             11532 kB
Writeback:             0 kB
AnonPages:       3177916 kB
Mapped:           320032 kB
Shmem:            163724 kB
Slab:              92588 kB
SReclaimable:      49688 kB
SUnreclaim:        42900 kB
KernelStack:       12896 kB
PageTables:        77972 kB
NFS_Unstable:          0 kB
Bounce:                0 kB
WritebackTmp:          0 kB
CommitLimit:     7244084 kB
Committed_AS:   10861236 kB
VmallocTotal:   34359738367 kB
VmallocUsed:       99200 kB
VmallocChunk:   34359624420 kB
HardwareCorrupted:     0 kB
AnonHugePages:    843776 kB
HugePages_Total:       0
HugePages_Free:        0
HugePages_Rsvd:        0
HugePages_Surp:        0
Hugepagesize:       2048 kB
DirectMap4k:       73376 kB
DirectMap2M:     4120576 kB


CPU:total 2 (2 cores per cpu, 1 threads per core) family 6 model 23 stepping 10, cmov, cx8, fxsr, mmx, sse, sse2, sse3, ssse3, tsc

/proc/cpuinfo:
processor	: 0
vendor_id	: GenuineIntel
cpu family	: 6
model		: 23
model name	: Pentium(R) Dual-Core CPU       T4400  @ 2.20GHz
stepping	: 10
microcode	: 0xa07
cpu MHz		: 2200.000
cache size	: 1024 KB
physical id	: 0
siblings	: 2
core id		: 0
cpu cores	: 2
apicid		: 0
initial apicid	: 0
fpu		: yes
fpu_exception	: yes
cpuid level	: 13
wp		: yes
flags		: fpu vme de pse tsc msr pae mce cx8 apic sep mtrr pge mca cmov pat pse36 clflush dts acpi mmx fxsr sse sse2 ss ht tm pbe syscall nx lm constant_tsc arch_perfmon pebs bts rep_good nopl aperfmperf pni dtes64 monitor ds_cpl est tm2 ssse3 cx16 xtpr pdcm xsave lahf_lm dtherm
bogomips	: 4399.79
clflush size	: 64
cache_alignment	: 64
address sizes	: 36 bits physical, 48 bits virtual
power management:

processor	: 1
vendor_id	: GenuineIntel
cpu family	: 6
model		: 23
model name	: Pentium(R) Dual-Core CPU       T4400  @ 2.20GHz
stepping	: 10
microcode	: 0xa07
cpu MHz		: 2200.000
cache size	: 1024 KB
physical id	: 0
siblings	: 2
core id		: 1
cpu cores	: 2
apicid		: 1
initial apicid	: 1
fpu		: yes
fpu_exception	: yes
cpuid level	: 13
wp		: yes
flags		: fpu vme de pse tsc msr pae mce cx8 apic sep mtrr pge mca cmov pat pse36 clflush dts acpi mmx fxsr sse sse2 ss ht tm pbe syscall nx lm constant_tsc arch_perfmon pebs bts rep_good nopl aperfmperf pni dtes64 monitor ds_cpl est tm2 ssse3 cx16 xtpr pdcm xsave lahf_lm dtherm
bogomips	: 4399.79
clflush size	: 64
cache_alignment	: 64
address sizes	: 36 bits physical, 48 bits virtual
power management:



Memory: 4k page, physical 4047472k(199584k free), swap 5220348k(4933388k free)

vm_info: Java HotSpot(TM) 64-Bit Server VM (25.51-b03) for linux-amd64 JRE (1.8.0_51-b16), built on Jun  8 2015 19:28:07 by "java_re" with gcc 4.3.0 20080428 (Red Hat 4.3.0-8)

time: Mon Apr 11 23:28:34 2016
elapsed time: 0 seconds (0d 0h 0m 0s)

